3 296 0 33
3 168 216 180
3 34 116 238
3 108 128 265
3 85 284 196
3 275 102 223
3 87 28 31
3 41 241 266
3 184 244 242
3 164 172 250
3 249 40 292
3 99 204 78
3 212 217 264
3 110 146 106
3 88 239 51
3 75 121 12
3 103 222 289
3 80 202 115
3 72 185 152
3 4 14 55
3 8 64 155
3 7 122 141
3 294 271 59
3 148 82 182
3 134 50 67
3 162 68 104
3 259 157 145
3 159 254 192
3 286 295 142
3 246 111 71
3 299 158 43
3 203 26 176
3 24 268 280
3 133 243 154
3 210 207 228
3 62 209 66
3 161 236 252
3 127 11 100
3 13 3 215
3 260 27 17
3 276 86 288
3 136 258 297
3 220 170 30
3 92 89 120
3 95 253 126
3 58 191 256
3 137 61 206
3 290 163 251
3 227 177 262
3 193 298 47
3 15 160 231
3 218 117 279
3 273 109 186
3 150 197 97
3 285 73 233
3 225 195 229
3 107 237 272
3 74 22 143
3 144 23 37
3 56 114 240
3 105 140 1
3 18 48 194
3 171 6 270
3 187 147 135
3 263 269 69
3 38 190 46
3 63 76 94
3 125 42 123
3 156 90 293
3 261 101 189
3 60 283 208
3 200 25 178
3 57 10 49
3 19 93 84
3 198 235 153
3 213 70 278
3 267 131 173
3 44 119 9
3 129 201 77
3 79 83 52
3 245 118 257
3 226 287 211
3 21 138 151
3 113 5 247
3 224 81 149
3 91 98 169
3 232 16 132
3 166 139 274
3 96 124 175
3 188 205 2
3 39 248 165
3 53 45 183
3 277 291 130
2 281 112
2 32 181
2 230 219
2 174 35
2 282 199
2 29 20
2 214 255
