105 0 116 296 85 80 249 212 75 246 294 162 148 159 203 259 127 260 276 136 58 15 285 290 56 273 225 187 18 200 63 156 213 79 245 129 21 224 96 39 188 277 174 282 214 29 128 146 241 244 204 217 271 50 121 157 111 207 11 61 160 89 73 48 6 237 147 140 76 25 101 10 131 201 287 124 98 16 205 31 112 265 196 223 266 78 242 106 12 155 59 141 252 71 126 256 206 262 240 233 178 94 189 208 149 132
45 167 216 180 184 164 72 103 24 13 227 38 57 226 91 230 172 222 64 82 68 295 209 3 170 197 42 283 118 119 5 181 51 104 297 228 176 154 229 279 97 272 1 84 257 183
37 168 41 88 286 133 137 74 198 232 284 28 202 254 268 236 27 191 177 163 117 195 23 190 90 93 235 139 138 248 250 152 251 143 49 173 211 165
27 34 275 4 7 62 218 263 261 113 102 239 158 253 22 269 70 45 255 292 142 30 120 186 135 151 274 130
22 54 8 299 210 92 150 60 166 40 185 298 114 81 219 55 145 17 47 270 293 169 2
19 108 134 220 193 107 19 53 32 14 243 83 20 289 280 288 37 153 278 175
15 87 161 144 267 281 122 26 109 291 264 182 100 194 9 247
11 99 95 171 44 86 35 115 67 215 69 77
9 110 105 125 258 199 192 231 46 52
3 238 43 123
1 66
0
0
0
0
0
0
0
0
0
0
0
0
0
0
0
0
0
0
0
0
0
0
0
0
0
0
0
0
0
0
0
0
0
0
0
0
0
0
0
0
0
0
0
0
0
0
0
0
0
0
0
0
0
0
0
0
0
0
0
0
0
0
0
0
0
0
0
0
0
0
0
0
0
0
0
0
0
0
0
0
0
0
0
0
0
0
0
0
0
