7 7957 84 303 975 4869 9138 8667
7 519 88 1900 839 3616 6814 5457
7 1776 187 48 718 9002 5584 5238
7 6663 474 837 9926 6392 6244 843
7 9679 568 2009 6547 8791 6537 8737
7 5860 677 2581 5062 8772 5422 7010
7 8758 719 8653 2399 8085 422 1880
7 6916 1066 9256 5120 9345 6024 6066
7 9888 1178 8088 4686 9042 3993 4503
7 2316 1209 3156 2783 5303 1281 2979
7 2061 1315 7005 1518 4520 9732 1182
6 5086 1335 8890 1999 1460 7110
6 4058 1515 4839 7580 476 8397
6 4618 1543 7270 895 1685 225
6 7929 1560 2335 4048 1949 4171
6 7401 1757 9504 5384 3319 3721
6 4855 1992 9913 7876 7698 7284
6 273 2135 203 1411 2570 66
6 3444 2356 7936 4153 7434 2033
6 8703 2432 4679 5352 4028 9202
6 117 2519 7117 284 1634 5690
6 7913 2571 1138 3066 506 8188
6 6695 2695 5497 655 8989 6580
6 7040 2920 3176 6409 4396 5642
6 3855 2949 9495 1655 3398 7682
6 3371 3253 5466 7236 4938 1474
6 9675 3629 6304 1260 5234 8367
6 6198 3696 3022 5699 1491 1079
6 9449 3869 6004 2717 7924 3636
6 4307 3580 9401 9640 3116 4070
6 375 4008 513 1830 7442 657
6 1040 4078 661 199 2982 1733
6 222 4094 6168 7602 9450 2217
6 1005 4309 5517 4207 4137 2900
6 9550 4525 2711 6718 9164 2105
6 3555 4377 7224 4246 3936 8663
6 1135 5335 6159 9586 6575 5287
6 3578 5440 2230 4807 2333 751
6 5424 4435 9503 419 9620 4595
6 4894 5018 1697 1986 9314 1324
6 920 5299 4635 2605 2686 8306
6 9799 5868 4467 3292 2635 529
6 2559 5970 7804 7910 984 2482
6 961 6002 9274 498 4029 8671
6 372 6031 5954 7243 4957 4643
6 7952 6252 4405 9696 5351 942
6 3654 6466 8892 3875 7193 3194
6 24 6403 7631 4826 1863 6009
6 2869 6412 873 5417 8682 2776
6 8962 6670 2975 4225 7710 6809
6 4637 6783 6741 3632 4291 3477
6 4150 7013 3752 3083 3220 9375
6 6115 7109 8274 6338 3615 3778
6 3988 7399 6053 1206 8815 8259
6 5885 7463 8548 3105 1102 7535
6 541 7475 6455 3200 2442 9537
6 4143 7928 3601 1240 7579 6967
6 6228 7956 8978 3411 6141 9761
6 622 7965 9666 318 208 9576
6 1833 8175 874 5777 5012 6480
6 6961 8292 1421 4003 3502 7364
6 29 8310 6875 135 3036 1319
6 1664 8640 3461 9382 7174 6222
6 55 8773 7503 3717 1797 8191
6 9523 9313 3865 9297 7686 7203
6 9216 9393 7768 4830 9751 6196
6 9283 9707 4112 439 32 1587
6 4842 2465 8203 7000 7190 3802
6 2576 9976 3773 69 2731 660
6 4346 4379 4233 4920 3420 881
6 1888 3607 7792 3816 3583 531
6 734 9847 5189 3050 9179 7732
6 3149 8878 8370 7867 6356 7901
6 7119 9752 4575 3544 4297 1146
6 4214 2735 5049 3739 2591 4862
6 7862 7657 965 4482 5593 2343
6 157 9084 7779 6452 1977 348
6 2986 7429 6164 6922 8059 9710
6 297 4090 4935 4011 8853 5344
6 1978 3442 6206 6029 4656 4749
6 3103 5693 4194 7557 381 5628
6 5341 672 2957 4285 3537 2852
6 2912 6822 9267 5955 5917 9127
6 3281 4494 9556 9349 2486 4403
6 5716 549 3291 3999 8796 3435
6 957 9619 2511 1994 1430 5437
6 6724 1305 4184 4064 6739 552
6 445 9563 1030 9485 3542 9923
6 3693 6263 1588 1843 1684 617
6 2020 5192 4164 3108 1627 9678
6 8395 3055 5480 1186 9018 2473
6 2008 1097 5890 1326 9492 8642
6 8406 4601 7347 3027 7883 7479
6 5598 9003 7927 7196 7113 5375
6 3030 2247 6756 601 152 3190
6 3471 2015 6003 6058 7685 4485
6 7141 4742 368 5284 9064 7684
6 8102 700 200 615 4245 4880
6 8840 423 3989 8816 7464 1623
6 585 8518 4910 1233 9190 7245
6 268 1273 530 95 2250 2585
6 4495 8731 5006 4228 378 2919
6 1353 6689 277 8521 2470 9429
6 5406 9514 608 2440 3414 6133
6 8342 2720 9320 1997 6438 2696
6 5649 7861 4255 2216 5678 8403
6 7640 3090 5369 8285 5539 4986
6 1528 713 4833 7572 4409 1762
6 583 6277 457 2382 2060 7448
6 2941 5934 1002 3722 1175 4786
6 8204 6901 3910 989 8768 141
6 3025 6815 2626 448 6446 4639
6 1735 7070 1142 2537 5783 6272
6 5304 5445 7355 3475 3325 5724
6 4829 1105 1908 4107 4493 1294
6 741 2883 5089 802 3047 8037
6 5381 3817 6804 6128 2352 7548
6 9979 9305 9316 780 6523 1232
6 8559 4059 7314 8637 5107 4913
6 6321 5324 9627 306 2502 7239
6 3743 1867 1363 4088 6076 2288
6 9581 4758 4196 3602 8128 9033
6 1269 311 2031 9109 2754 5952
6 6039 6381 8574 5732 2999 7162
6 8520 2917 9602 7870 2651 9262
6 3457 6706 2642 4404 3270 9068
6 8728 769 7406 5626 8042 5982
6 4687 5717 8328 6012 2000 8273
6 3564 4071 1121 935 9180 7477
6 580 606 4661 854 6703 4555
6 6649 8708 4624 9353 9819 1355
6 61 3549 3334 8868 3051 8353
6 4788 7499 9282 6220 7628 1676
6 5161 3307 7546 6430 1365 8951
6 6456 8477 245 9705 4940 3169
6 8179 5235 206 8823 8034 2171
6 6952 5300 8832 5686 2663 1349
6 7877 9409 6669 6069 982 1487
6 7799 8950 481 7874 5662 1331
6 489 3167 5996 2305 4101 1352
6 9207 563 7558 5816 9477 5050
6 8184 7561 9965 5712 4953 5853
6 8420 768 9813 6475 8831 4021
6 8675 8670 7962 9575 9116 7665
6 6424 6807 2681 951 8575 2119
6 5245 6831 6410 956 5503 8785
6 6160 2384 1670 5347 2787 9273
6 7468 5769 3368 5957 7494 4017
6 1866 9325 209 1399 9609 4541
6 3692 9140 9469 6413 3807 6643
6 8578 4948 6200 9735 2077 5241
6 9121 6541 1524 3605 8995 907
6 1993 8329 3779 4703 4587 7912
6 3239 2536 2401 8133 9712 6399
6 9901 1860 9255 3375 9182 6089
6 7911 1630 5983 1582 2409 85
6 9411 9463 4794 9104 2181 9134
6 1563 4355 442 3199 1222 5766
6 4882 109 3362 9843 7492 8876
6 5902 7129 3092 5663 6966 7096
6 7229 1013 8573 6186 9738 2831
6 4066 4428 6208 9702 6538 2771
6 6965 5743 493 57 5650 292
6 610 7329 6951 8146 8155 6270
6 7318 5948 2455 9947 6526 4123
6 2429 2079 7638 2056 4065 3215
6 6633 5237 3396 6567 7253 5409
6 2278 9473 8786 5212 1667 4709
6 2774 726 8462 7085 8795 6380
6 9020 6849 6307 6550 9341 3124
6 2418 1546 8554 5711 1902 7276
6 9291 2538 1995 5182 9872 6762
6 9626 8020 1869 9254 3112 6336
6 9187 9920 9636 7554 330 9546
6 8509 699 7379 9763 9130 4930
6 4586 6658 5295 7787 761 8742
6 4644 3468 3354 9769 9681 3958
6 2327 9052 3947 3614 7071 2732
6 4098 9985 8464 6634 3539 6016
6 7227 2759 9105 417 6173 9737
6 6694 5358 3317 4733 7994 1553
6 219 4260 6192 5621 3701 8882
6 2176 3246 8224 4050 8187 2613
6 1815 7230 697 6021 4704 704
6 3008 6199 9012 9757 313 7019
6 5222 9852 4109 2896 4035 2434
6 8271 8209 8902 3193 2756 3949
6 9670 4706 5214 9549 8071 9392
6 2944 3430 3068 6645 2654 9981
6 6361 1024 2118 2573 5174 2909
6 3321 3774 9385 8079 6034 7636
6 3647 25 1959 164 8368 6313
6 8564 4885 9806 119 2600 708
6 7716 8231 2690 1252 6119 8167
6 113 8055 1564 7226 3433 7387
6 6913 5572 9845 2856 4806 8665
6 6607 2714 5771 1500 1835 5660
6 3168 3608 6387 7737 6729 646
6 2313 4546 4630 2132 2140 9158
6 1724 3758 2657 9804 5674 6871
6 5402 4414 3510 9251 1836 1886
6 6900 9452 5636 9680 753 595
6 2507 9128 2074 2212 8110 6280
6 5343 7210 6296 6710 1465 8176
6 3667 8459 9559 5566 4205 5695
6 554 7471 1010 2497 6398 8030
6 7088 5875 7648 1628 3370 1565
6 8587 6884 4421 210 2997 7916
6 6418 6110 5748 3585 3119 6989
6 9698 2357 5540 3921 146 5043
6 8698 7704 3188 7567 2323 9276
6 6780 6740 5425 950 9527 767
6 6767 7512 1208 7097 1686 380
6 6044 2123 3129 4558 7211 4593
6 4056 5113 1177 7337 5453 2304
6 2531 3208 7248 4705 2952 5124
6 3410 6493 7372 977 3663 127
6 5881 1651 1970 5156 2799 4607
6 1879 1874 5250 7312 3789 9242
6 8086 627 2495 290 6985 896
6 8189 1593 7975 3445 8035 853
6 2828 4959 4848 5888 6357 1369
6 1794 9996 1955 4202 1647 1239
6 7849 7553 730 4016 9135 6247
6 394 7116 5554 2167 6305 7856
6 6269 2838 2782 5602 6825 5913
6 6843 6457 3821 1550 4481 6896
6 5027 6558 2566 9289 607 2984
6 7709 1984 150 3554 1913 1346
6 7188 902 720 3938 4914 3784
6 1332 9137 2539 8614 5187 7135
6 4475 2788 8440 6474 354 4366
6 7064 8376 3786 9562 7922 4713
6 8213 8586 9543 1503 9949 2578
6 6912 2515 3403 9925 1245 9645
6 8787 8848 128 35 7208 8555
6 3697 3951 6765 2036 2937 4099
6 4536 3138 6450 211 2180 6346
6 6656 8435 9078 1777 922 7191
6 1227 4511 5307 7882 1529 4932
6 7293 2006 8198 3795 9065 772
6 2324 6747 3541 4657 4887 6274
6 5971 8739 248 497 2551 1613
6 6662 5990 8309 8991 8955 5366
6 1447 2748 2718 5867 2059 46
6 3333 2026 1267 3191 9457 3117
6 1194 8803 9030 4666 9118 9475
6 2296 8021 409 2338 6023 6251
6 9733 2436 364 687 5428 6618
6 6529 2899 1054 98 8194 775
6 1883 2512 332 4658 5751 8094
6 7455 4537 8207 1580 9419 5088
6 7711 864 4836 9654 5291 8412
6 8965 9231 2780 4973 2207 7256
6 6794 5359 6202 640 5656 6639
6 9820 3196 9869 7172 8530 9842
6 3049 6877 5025 2992 8173 1263
6 3708 6085 482 3915 832 8118
6 7140 6735 5377 8419 1557 4605
6 8227 712 2425 9483 362 8151
6 3655 1090 4815 6749 1693 7041
6 7186 8699 4867 7683 3879 7342
6 4877 5818 3603 8766 1106 5866
6 3546 5034 4717 1416 3038 9564
6 3245 842 5205 9625 1910 2385
6 2589 1734 5887 5756 4652 3970
6 7810 2791 8784 1723 9171 921
6 8029 1192 1744 9951 5495 5169
6 9046 6752 5535 9613 8298 2954
6 19 7575 451 3058 2464 1181
6 6654 4437 6879 7206 8523 4063
6 6189 8104 4507 9954 6285 1152
6 1414 7104 41 4782 7232 3940
6 8783 2736 6521 7382 6652 494
6 3527 9246 825 8856 4585 3775
6 6502 9685 4665 4410 7246 871
6 9166 400 9805 5892 4659 2745
6 2603 945 3991 6563 7092 8973
6 4873 4648 4502 6316 5601 5837
6 6139 5393 1218 2934 6402 7811
6 8489 9974 8346 8348 7534 7411
6 5227 7451 5282 4250 5371 3809
6 1838 9544 8040 1508 6886 2126
6 8149 6924 5541 4629 5426 9897
6 8630 5744 4154 3966 9538 300
6 567 7846 5507 7323 2178 6213
6 696 8323 3017 7444 6601 2930
6 477 3384 3426 7662 39 9972
6 7435 3160 8382 7690 1046 9647
6 5218 8566 4080 9557 9610 1441
6 1228 5112 7637 5668 5091 1722
6 666 6582 1804 511 2981 4532
6 1407 2426 7249 5240 4024 952
6 6485 1973 8481 9634 100 6132
6 7864 2106 4761 9524 7663 4664
6 3147 6297 9874 6352 8421 6570
6 3918 315 8157 782 3054 9165
6 8932 8449 3381 7250 8937 9889
6 3249 1635 1221 4020 241 4027
6 7687 7357 8351 6842 6927 1537
6 4984 4223 8835 830 4139 8116
6 1384 7082 6255 6818 4318 5082
6 9090 7346 9754 3114 2660 2049
6 3276 2928 6327 2577 5135 8597
6 2297 7940 8254 3840 8236 7263
6 1170 5654 6536 6293 1817 3102
6 9405 3170 3866 856 9037 1453
6 5615 5510 9744 6856 6969 1745
6 2424 9768 9890 3783 8609 1189
6 1637 3029 502 267 9209 2857
6 658 9851 5017 483 7438 1023
6 1492 5487 9631 3566 4764 9684
6 5727 5332 7610 6000 376 4326
6 3005 328 7373 2041 6638 8190
6 3409 166 7430 9071 9199 8806
6 3294 3104 5562 7630 4645 8595
6 7028 5060 5285 8219 3057 2160
6 6404 1689 3830 846 4450 5838
6 190 6851 212 6340 9617 2817
6 3236 1852 1527 172 8445 4966
6 3540 9459 9997 7152 6261 4034
6 1784 4352 2330 665 4544 7730
6 6745 3338 9944 2261 8546 9742
6 1512 5856 4349 2967 992 7777
6 2233 9191 6125 1201 4615 9035
6 9935 8629 8588 656 6048 7816
6 2166 8073 3833 9657 9497 629
6 7114 5746 2649 1 671 2209
6 7612 271 565 9795 4372 9364
6 7108 2110 3263 3594 6101 2044
6 8557 8792 2881 9511 2927 7278
6 2738 2784 6265 596 9100 2394
6 9649 2963 428 5719 1884 1968
6 789 9011 1313 6984 233 2284
6 8458 8715 4980 3666 572 1250
6 8484 5721 933 6615 6216 3513
6 7156 9595 7465 5477 9832 9394
6 1609 3459 1276 1873 986 4344
6 817 3202 5653 611 7209 2673
6 1605 3329 47 5627 2741 2802
6 1323 9691 4863 2825 633 7425
6 3197 9087 6836 6425 1845 3345
6 8290 2147 3462 3885 475 9381
6 9402 1100 4673 6903 6647 4944
6 6150 2198 326 6503 5267 9466
6 8024 2520 3557 9579 7840 3482
6 1438 8426 4299 6742 823 2404
6 7287 8713 1223 3740 4990 5622
6 3257 2293 435 5779 1381 7282
6 8711 4449 8410 7934 2751 6372
6 7993 1625 2904 5620 6584 7043
6 6135 9306 6711 1792 5799 91
6 7198 1251 3512 1111 8854 3530
6 5991 7671 1904 3842 102 2661
6 5387 7319 5920 3906 7759 8652
6 9406 3067 8448 266 6705 1631
6 3579 8774 3490 8192 4465 3290
6 1113 8277 5516 3680 1496 3729
6 3651 6377 8394 6454 5228 8938
6 8302 5500 1640 7277 6182 3181
6 3358 6154 8536 7668 3493 1746
6 4583 5698 5757 4376 6648 2665
6 8736 2915 7666 3565 7847 159
6 9864 5815 6245 3453 1215 6589
6 7891 9144 9252 8093 4854 6971
6 1406 3849 9830 6771 2781 5170
6 7948 7376 3026 1386 92 6719
6 5808 4170 7255 1272 4007 7595
6 3596 3424 8338 1963 3082 8228
6 5213 7677 2973 1755 8529 7642
6 7889 8979 6420 5158 2653 6805
6 4387 3891 9045 3972 3732 1256
6 7020 2422 9286 8747 3818 9159
6 9347 4455 168 7380 3760 9858
6 3311 499 7483 9512 908 8761
6 7398 2742 6473 5054 8504 6893
6 3826 3572 7446 4115 7692 8804
6 8262 4200 5090 9743 5433 6407
6 739 7428 1200 1729 415 3793
6 1803 2184 7574 4613 5036 6422
6 4781 7585 4875 7884 161 4958
6 5858 6239 9487 6764 5263 7171
6 1372 892 9927 5891 8638 6597
6 1773 6786 7086 8940 8379 9948
6 3640 5710 3073 507 5830 3759
6 8425 1674 8434 9871 5069 8695
6 2942 2523 6942 2639 8112 1509
6 8158 8447 5829 4411 9750 3098
6 5491 2143 8915 4602 3366 2706
6 3990 8967 6349 7034 169 1311
6 4693 6068 533 1601 8615 9481
6 7325 5531 2518 849 559 7344
6 3575 1530 4720 6498 645 1169
6 4208 1778 9462 5511 6512 5279
6 7180 1489 9633 2245 7386 5557
6 3148 4084 2112 2235 3232 9177
6 6123 3024 7102 8681 9410 3439
6 7320 6155 9628 9464 6026 3205
6 6329 3976 9815 2916 7785 2076
6 2641 9412 6360 4141 6078 4371
