6 2735 203 6910 839 1685 1474
6 6689 48 2009 7270 2651 2900
6 3090 1227 2293 6360 9511 6024
6 1209 7293 3572 975 4141 8298
6 6466 2324 4200 718 8085 66
6 5018 5971 7428 9926 6392 633
6 9313 6662 7585 2399 9345 2033
6 2519 1447 892 2783 4520 5597
6 549 3333 1674 5120 8772 3993
6 4525 1194 5282 6942 3616 9202
6 5934 2296 1251 1518 3319 8367
6 4679 3119 5710 4686 3615 6580
6 88 9733 2523 3066 7434 559
6 7109 8274 6068 7580 1460 1079
6 2465 6529 8967 1582 7034 1733
6 7957 1883 8447 4207 3398 7682
6 519 837 7005 9504 8819 5642
6 4309 7455 1530 6547 506 751
6 5970 7711 1778 7483 2570 3636
6 4839 8965 9392 7236 8989 657
6 5324 6794 2143 4048 3750 4595
6 719 5352 1489 7876 7698 2217
6 606 9820 6786 4153 4938 942
6 423 3049 4084 8464 7174 7364
6 1776 3708 7926 9640 1491 2105
6 6031 211 6155 1908 3116 4990
6 6663 7140 3024 284 8681 529
6 187 8227 3536 2425 2982 3802
6 1066 3655 3976 655 9450 4643
6 5335 7186 9412 6409 5303 3194
6 8175 4877 2335 5699 7442 2776
6 1560 3546 7117 2717 2110 9617
6 4758 3245 3176 1655 9164 3778
6 3817 2589 5466 199 3936 8598
6 3580 7810 9495 6718 9620 6809
6 6252 984 661 1830 9314 1324
6 1273 8029 6304 7602 2333 3477
6 7499 9046 6004 9696 4137 8306
6 1867 19 9401 4246 2686 9537
6 7965 6654 6239 6338 2635 4171
6 6822 6189 513 9586 5351 5287
6 2432 1414 6168 498 8079 9761
6 7070 8783 5517 419 4957 6480
6 1178 1949 2711 4807 1863 5690
6 3055 3527 7224 2605 7710 7203
6 4742 6502 6159 4225 3220 9375
6 8890 5284 874 3200 1102 7535
6 6002 9166 2230 7243 2442 1319
6 8773 7940 4635 3105 5012 8259
6 8292 2603 9503 3632 5779 9576
6 672 4873 1697 1986 3036 6196
6 7475 6139 4467 7534 5627 1587
6 8477 8489 7804 6154 1797 1902
6 5235 5227 9274 1240 7579 6967
6 6277 1838 8892 8803 6141 4862
6 2720 8149 873 2654 4658 660
6 9409 8630 2975 3083 6575 8191
6 2920 567 6741 3411 7686 8671
6 4094 696 6053 1206 5679 531
6 3629 477 8548 318 9872 9710
6 677 7435 6455 9382 7190 6222
6 3607 5218 3601 5777 8682 7901
6 9679 1228 9666 3717 32 1686
6 1097 666 8493 9297 2731 1215
6 5497 1407 6875 439 3420 1146
6 9752 6485 3461 7000 1634 9923
6 6670 7864 3865 4920 5234 348
6 1757 3147 5008 3050 2577 552
6 5440 3918 7768 3875 3453 9678
6 9514 8932 4112 69 3583 3435
6 2571 3249 8203 3816 6356 6009
6 563 3430 3773 3544 4396 4749
6 6381 7687 4233 4830 2787 4485
6 9003 4984 7792 7867 4656 617
6 3549 1384 5189 3739 7882 9127
6 4601 9090 5049 4482 5917 4986
6 7657 3276 4575 6922 8059 5830
6 2015 7097 965 4285 9179 7732
6 8708 2297 5382 6029 1430 2591
6 5860 1170 8370 7557 381 5628
6 8758 9636 7779 6319 8796 2473
6 9847 9405 6164 4011 1744 5344
6 2883 5615 4935 9349 174 4403
6 9913 5954 6206 4826 6739 7479
6 5445 2424 4194 1994 3542 2653
6 9976 1637 2957 5955 4291 5375
6 4078 658 9267 9252 4245 4880
6 8310 1492 9556 4064 4297 3190
6 6916 5727 3291 3181 3537 2852
6 4008 3005 2511 9485 1684 8642
6 9888 3409 4184 1326 9492 2585
6 6263 3294 1030 601 152 7684
6 1305 7028 1588 1843 1627 6272
6 6815 6404 4164 3108 7685 7245
6 3307 190 5480 933 6615 4786
6 303 3236 5890 8816 7883 8403
6 4071 3540 7347 3292 9018 141
6 2316 1784 7927 7196 313 1762
6 1335 6745 208 615 9190 4639
6 2917 1512 6756 95 9064 6133
6 8731 2233 368 6378 4409 7548
6 8878 502 3989 4228 4029 8037
6 1138 9935 200 1233 2250 2696
6 9619 2166 4910 8521 2470 9429
6 7013 9231 5006 1997 7464 3330
6 2061 7114 530 2440 3414 2482
6 5086 7612 277 2216 5678 1294
6 4058 7108 6630 8285 6438 4913
6 4618 8557 608 7572 5539 9033
6 7929 2738 9320 448 1175 7162
6 5300 9649 5369 989 8768 9262
6 1315 789 7314 6430 8795 595
6 9707 8458 4255 9353 6446 5982
6 7429 8484 4833 4107 895 1232
6 7861 7156 457 2112 3047 9068
6 4059 1609 1002 3685 5107 4555
6 5192 817 3910 802 5783 1676
6 5299 1605 2626 6128 2352 2171
6 6783 1323 1142 2537 8128 8353
6 7401 3197 7355 6066 2041 7665
6 4855 8290 8786 5626 8042 8951
6 7463 9402 5089 780 6523 7448
6 3167 6150 3779 306 4811 1487
6 273 8024 6804 5732 8995 7912
6 3444 1438 9316 3602 2754 4070
6 769 7287 9627 7870 2663 1349
6 3696 5858 4196 6220 6076 1817
6 9305 3257 8574 9109 2000 5724
6 9563 8711 867 935 6703 1352
6 2247 7993 1363 4088 3270 1355
6 4377 6135 9602 6012 5662 9981
6 6412 7198 7406 854 3502 2732
6 713 5991 6274 8554 8034 5050
6 2135 5387 2642 4404 4940 3169
6 2949 9406 8328 9705 982 6399
6 700 3579 1121 1186 1465 4021
6 8703 1113 4661 8823 4101 3760
6 117 3651 4624 9575 3051 8785
6 3442 8302 3334 8868 8575 2119
6 7913 3475 9282 6069 378 2919
6 6695 3358 1325 5621 2600 5241
6 1543 4583 7546 5816 9477 6643
6 6831 8736 245 5686 9819 5766
6 6901 9864 8088 5347 6729 2771
6 6403 1977 6669 2305 9116 85
6 3156 7891 9011 7874 5503 9134
6 2384 1411 3368 6475 7628 6089
6 8518 1406 206 5712 4953 8882
6 5769 7948 712 7337 1222 9273
6 9393 5808 8832 951 2077 8876
6 7040 3596 481 5957 7494 4017
6 3855 5213 5996 956 3807 2831
6 1515 7889 9965 8133 9712 127
6 3371 4387 9813 4703 4587 4709
6 1992 7020 2681 6413 9738 6380
6 9325 9347 6410 9104 9182 6270
6 9675 3311 209 3199 2999 9546
6 6198 7398 9469 3375 2181 6336
6 7928 3826 6200 2382 8831 8742
6 8670 6793 6951 5663 6966 4123
6 6807 8262 1524 3605 5593 2343
6 4435 739 2401 6186 4493 7019
6 8640 1803 2184 5212 7492 292
6 3869 4781 9255 8146 5650 8273
6 9449 2031 3362 5417 1667 6762
6 4307 1372 5983 362 2409 3949
6 3253 1773 4794 2056 4065 3215
6 375 3640 442 1399 6349 4541
6 8329 8425 3092 9947 8155 2613
6 474 2942 8573 7085 6526 708
6 5868 8158 6208 9702 6538 7477
6 1105 1111 493 57 3112 7636
6 1040 5491 2455 6550 9341 7135
6 222 3990 3396 6567 9751 5124
6 1005 4693 7638 5711 8110 9737
6 9550 5359 8462 9254 330 8665
6 3555 7325 7678 2563 9130 772
6 1135 9579 8224 6634 7994 7276
6 3578 7113 3354 9769 9681 3958
6 5424 3575 6307 7554 6173 1565
6 5693 4208 1995 5182 8187 1886
6 84 7180 1869 3614 2486 7239
6 9140 3148 2147 7226 8071 2767
6 4894 6123 7379 8973 761 2434
6 920 7320 5295 8991 753 6313
6 6706 6329 3947 2896 4035 6871
6 9799 2641 3317 4733 8368 8176
6 7956 2536 6192 6021 4704 7856
6 2559 1860 697 417 4806 8167
6 5717 1630 9012 9757 6119 4593
6 2695 9463 8902 3193 9843 8030
6 961 109 4109 6058 1835 5660
6 372 7129 5214 9549 2060 9158
6 7952 1013 2118 6645 1365 4607
6 3654 3767 1959 2261 7211 7916
5 768 7329 3068 2573 5891
5 24 4428 9806 119 4205
5 4090 5743 1564 8637 3433
5 9084 5948 5771 1500 2997
5 2869 2079 9845 2856 6398
5 8962 5237 4630 7737 2140
5 2356 9473 3510 9804 6034
5 4637 726 5636 4050 3370
5 4150 6849 2198 5566 2323
5 6115 2538 2074 4666 6825
5 3988 8020 9559 9680 146
5 5885 9920 6296 6710 2952
5 311 1421 1010 2497 3701
5 4379 699 2657 1628 3789
5 7399 6658 7648 210 1913
5 541 9052 5748 3585 6985
5 7561 9985 2881 7567 4481
5 4143 5358 4421 4558 9135
5 568 4260 5540 3921 2799
5 4494 7230 3188 9251 6397
5 8950 9852 1208 1416 6357
5 6228 6199 3129 3445 6305
5 622 8209 1177 977 3663
5 1833 1024 7248 4705 4914
5 6541 4706 7372 7312 1647
5 6961 4885 2495 4202 7922
5 29 8055 1970 9657 9457
5 1664 3608 9072 4016 354
5 55 4546 7975 5888 9949
5 9523 2714 4848 950 9180
5 9216 3758 5554 2167 9065
5 9283 4414 730 1550 2937
5 4842 9452 1955 1252 5291
5 2576 9128 2782 5602 8955
5 4948 2512 3821 3554 1529
5 4346 7210 2566 9289 607
5 1888 8459 150 9562 922
5 734 7471 720 3938 8194
5 3149 6884 3786 1503 9419
5 7119 6110 2539 290 5656
5 4214 2357 8440 4003 6023
5 7862 5377 7631 35 9171
5 157 5875 9543 9925 1245
5 2986 7704 3403 1777 832
5 297 6740 5425 2036 4887
5 1978 7512 128 3795 2180
5 3103 2123 9078 4657 1106
5 5341 5113 6765 98 8173
5 2912 3208 6450 497 9527
5 3281 6493 5307 5156 8530
5 5716 1651 3541 2338 6402
5 957 1874 2209 6474 1910
5 6724 627 8198 4973 8421
5 445 4959 248 8614 2464
5 3693 9996 8309 1580 1557
5 2020 1593 2718 932 2059
5 8395 7553 1267 3191 1693
5 2008 7116 9385 5756 4652
5 8406 2838 9030 9613 1381
5 5598 6457 409 6749 3879
5 3030 6558 364 7153 5428
5 3471 1984 1054 640 7232
5 7141 902 332 7787 5601
5 8102 9137 2690 511 5091
5 8840 2788 8207 4250 5495
5 585 8376 6202 7172 4585
5 268 8586 9869 1508 6886
5 4495 8848 5025 2992 9118
5 1353 3951 4815 9654 5187
5 5406 3138 4867 3915 7246
5 8342 8435 482 7683 4659
5 5649 3468 2780 9625 8035
5 7640 4511 3603 8766 3038
5 1528 2006 4717 6904 2178
5 583 6747 5205 9483 9798
5 2941 8739 5887 7934 572
5 8204 5990 8784 1723 9538
5 3025 2748 6879 2769 5453
5 1735 2026 5535 8419 6601
5 5304 8021 4507 9954 5062
5 4829 5815 3991 4782 5371
5 741 2436 41 8856 100
5 5381 2899 4836 5892 1046
5 9979 4537 825 4410 9610
5 8559 864 1218 6563 7092
5 6321 8345 7637 6316 7208
5 3743 3196 6003 2934 6652
5 9581 6877 4665 9951 4024
5 1269 5393 9805 3022 7663
5 6039 4965 5541 8348 2207
5 8520 6735 7373 849 6927
5 3457 8699 8346 7323 3054
5 8728 5818 4502 3058 4139
5 4687 1090 8040 4629 881
5 3564 5034 4154 3966 6969
5 580 842 5507 7690 7438
5 6649 2791 3017 7444 7847
5 61 7575 4773 9634 376
5 4788 6752 8382 5668 8236
5 5161 8104 4080 9557 4450
5 6456 4437 3426 7662 39
5 8179 5572 7249 5240 241
5 6952 7104 4761 3114 2660
5 7877 1192 1670 6352 2981
5 7799 2736 7376 611 7209
5 489 9685 1804 6818 4318
5 9207 9246 3381 7962 8937
5 8184 9763 9874 782 8609
5 8420 400 1221 4020 3057
5 8675 945 8351 6842 6638
5 6424 1734 8157 267 9037
5 5245 9974 8835 830 8445
5 6160 4648 6255 856 5751
5 7468 7671 1904 6425 4544
5 1866 7451 6536 2212 4372
5 3692 9544 3866 8219 8546
5 8578 2480 5017 483 4645
5 9121 7194 9944 6856 6261
5 1993 6924 6327 4869 6048
5 3239 5744 9744 6293 5437
5 9901 7846 9890 3783 992
5 7911 8323 9631 3566 908
5 9411 3384 7430 4405 3493
5 1563 3325 8254 3840 4615
5 4882 3160 5285 9071 9199
5 5902 8566 3830 9735 7692
5 7229 5112 212 6340 1496
5 4066 2426 1527 846 2927
5 6965 1973 4366 6000 9100
5 610 2106 4349 665 9497
5 7318 315 6125 1201 5135
5 2429 8449 8588 656 1845
5 6633 1635 2649 7193 6584
5 2278 7357 565 172 1884
5 2774 4223 6265 9795 9832
5 9020 7082 3263 3594 6101
5 2418 8394 9105 6742 986
5 9291 7346 5250 596 2741
5 9626 2928 428 5719 233
5 9187 5654 1313 6984 8854
5 8509 3170 4980 3666 7253
5 4586 5510 7465 5477 475
5 4644 3539 4299 8653 2551
5 2327 9768 1276 1873 7840
5 4098 3029 47 2967 823
5 7227 3246 2518 2916 5799
5 6694 9851 5562 2330 6705
5 219 5332 3338 6503 5267
5 2176 3774 8536 6771 6647
5 1815 5487 4863 5158 8188
5 3008 328 6836 3885 102
5 5222 3104 1223 6903 92
5 8271 166 4673 5620 6648
5 9670 1689 3557 7152 5674
5 2944 8978 5757 3740 5069
5 6361 5060 3462 1792 6182
5 3321 5384 1640 7277 671
5 3647 9021 1260 9042 7785
5 8564 6851 326 8192 3809
5 7716 8231 135 4376 4854
5 113 1852 435 4028 2781
5 6913 9191 2904 3565 415
5 6607 4352 8998 1272 4007
5 3168 8629 6711 1386 3732
5 2313 5856 8410 2235 5263
5 1724 8073 8448 5054 3082
5 5402 9459 1 3026 5036
5 6900 8792 6245 9002 2751
5 2507 5746 5920 3906 7759
5 5343 271 3512 2825 5228
5 3667 2784 3490 3680 7284
5 554 5721 3833 8093 5433
5 7088 9595 5516 1963 8504
5 8587 2963 7666 3972 8112
5 6418 3459 9830 8747 3818
5 9698 3329 7255 1755 8529
5 8698 3202 7813 7382 9209
5 6780 9691 8338 9524 3366
5 6767 9087 2973 7380 225
5 6044 1100 6420 1601 8615
5 4056 2520 9045 9512 3232
5 2531 8426 7446 4115 645
5 3410 8713 9286 1729 6512
5 5881 1625 168 9743 6216
5 1879 9306 5090 7884 161
5 8086 7319 9144 4613 7386
5 8189 3067 1200 8940 8379
5 2828 8774 9927 4476 8523
5 1794 6377 5475 6454 9410
5 7849 5500 7574 507 4764
5 394 5698 6473 266 169
5 6269 2915 4875 9871 9138
5 6843 4170 7086 6764 6078
5 5027 3849 8434 2245 6814
5 7709 3424 3073 4602 6244
5 7188 7677 8915 2639 5584
5 1332 8277 533 476 8397
5 4475 8979 5829 4411 9750
5 7064 8715 9633 7668 3721
5 8213 3891 4720 6498 5422
5 6912 2132 7102 164 422
5 8787 2422 9815 3842 6537
5 3697 4455 9628 9464 6026
5 4536 499 9754 5511 1281
5 6656 2742 9487 8791 7110
